<?xml version="1.0" encoding="UTF-8"?>
<!-- Generated by org.testng.reporters.JUnitXMLReporter -->
<testsuite ignored="0" hostname="LAPTOP-E6SRQGTN" failures="0" tests="4" name="Default test" time="3.778" errors="0" timestamp="2025-09-11T07:53:03 IST">
  <testcase classname="kamalnath.files.DynamicJSON" name="addBook" time="3.199"/>
  <testcase classname="kamalnath.files.DynamicJSON" name="addBook" time="0.191"/>
  <testcase classname="kamalnath.files.DynamicJSON" name="addBook" time="0.164"/>
  <testcase classname="kamalnath.files.DynamicJSON" name="addBook" time="0.156"/>
</testsuite> <!-- Default test -->
