<?xml version="1.0" encoding="UTF-8"?>
<!-- Generated by org.testng.reporters.JUnitXMLReporter -->
<testsuite ignored="0" hostname="LAPTOP-E6SRQGTN" failures="0" tests="3" name="Default test" time="3.151" errors="0" timestamp="2024-02-10T15:52:45 IST">
  <testcase classname="kamalnath.files.DynamicJSON" name="addBook" time="2.793"/>
  <testcase classname="kamalnath.files.DynamicJSON" name="addBook" time="0.151"/>
  <testcase classname="kamalnath.files.DynamicJSON" name="addBook" time="0.147"/>
</testsuite> <!-- Default test -->
