<?xml version="1.0" encoding="UTF-8"?>
<testng-results ignored="0" total="4" passed="4" failed="0" skipped="0">
  <reporter-output>
  </reporter-output>
  <suite started-at="2025-09-11T07:52:59 IST" name="Default suite" finished-at="2025-09-11T07:53:03 IST" duration-ms="3778">
    <groups>
    </groups>
    <test started-at="2025-09-11T07:52:59 IST" name="Default test" finished-at="2025-09-11T07:53:03 IST" duration-ms="3778">
      <class name="kamalnath.files.DynamicJSON">
        <test-method signature="addBook(java.lang.String,java.lang.String)[pri:0, instance:kamalnath.files.DynamicJSON@65466a6a]" started-at="2025-09-11T07:52:59 IST" name="addBook" data-provider="BooksData" finished-at="2025-09-11T07:53:02 IST" duration-ms="3199" status="PASS">
          <params>
            <param index="0">
              <value>
                <![CDATA[ofjjw]]>
              </value>
            </param>
            <param index="1">
              <value>
                <![CDATA[134]]>
              </value>
            </param>
          </params>
          <reporter-output>
          </reporter-output>
        </test-method> <!-- addBook -->
        <test-method signature="addBook(java.lang.String,java.lang.String)[pri:0, instance:kamalnath.files.DynamicJSON@65466a6a]" started-at="2025-09-11T07:53:02 IST" name="addBook" data-provider="BooksData" finished-at="2025-09-11T07:53:03 IST" duration-ms="191" status="PASS">
          <params>
            <param index="0">
              <value>
                <![CDATA[xzc]]>
              </value>
            </param>
            <param index="1">
              <value>
                <![CDATA[8765]]>
              </value>
            </param>
          </params>
          <reporter-output>
          </reporter-output>
        </test-method> <!-- addBook -->
        <test-method signature="addBook(java.lang.String,java.lang.String)[pri:0, instance:kamalnath.files.DynamicJSON@65466a6a]" started-at="2025-09-11T07:53:03 IST" name="addBook" data-provider="BooksData" finished-at="2025-09-11T07:53:03 IST" duration-ms="164" status="PASS">
          <params>
            <param index="0">
              <value>
                <![CDATA[oplk]]>
              </value>
            </param>
            <param index="1">
              <value>
                <![CDATA[2341]]>
              </value>
            </param>
          </params>
          <reporter-output>
          </reporter-output>
        </test-method> <!-- addBook -->
        <test-method signature="addBook(java.lang.String,java.lang.String)[pri:0, instance:kamalnath.files.DynamicJSON@65466a6a]" started-at="2025-09-11T07:53:03 IST" name="addBook" data-provider="BooksData" finished-at="2025-09-11T07:53:03 IST" duration-ms="156" status="PASS">
          <params>
            <param index="0">
              <value>
                <![CDATA[Cypress JS]]>
              </value>
            </param>
            <param index="1">
              <value>
                <![CDATA[777]]>
              </value>
            </param>
          </params>
          <reporter-output>
          </reporter-output>
        </test-method> <!-- addBook -->
      </class> <!-- kamalnath.files.DynamicJSON -->
    </test> <!-- Default test -->
  </suite> <!-- Default suite -->
</testng-results>
